<?xml version="1.0" encoding="UTF-8" ?>
<testsuite failures="0" time="0.016" errors="0" skipped="0" tests="1" name="org.iisc.mile.tts.voiceofchoice.AppTest">
  <properties>
    <property name="java.runtime.name" value="Java(TM) SE Runtime Environment"/>
    <property name="sun.boot.library.path" value="C:\Program Files\Java\jdk1.6.0_06\jre\bin"/>
    <property name="java.vm.version" value="10.0-b22"/>
    <property name="java.vm.vendor" value="Sun Microsystems Inc."/>
    <property name="java.vendor.url" value="http://java.sun.com/"/>
    <property name="path.separator" value=";"/>
    <property name="java.vm.name" value="Java HotSpot(TM) Client VM"/>
    <property name="file.encoding.pkg" value="sun.io"/>
    <property name="user.country" value="US"/>
    <property name="sun.java.launcher" value="SUN_STANDARD"/>
    <property name="sun.os.patch.level" value="Service Pack 3"/>
    <property name="java.vm.specification.name" value="Java Virtual Machine Specification"/>
    <property name="user.dir" value="C:\_IISc2\mile_svnrepos\tts\TTS_Voice_of_Choice"/>
    <property name="java.runtime.version" value="1.6.0_06-b02"/>
    <property name="java.awt.graphicsenv" value="sun.awt.Win32GraphicsEnvironment"/>
    <property name="basedir" value="C:\_IISc2\mile_svnrepos\tts\TTS_Voice_of_Choice"/>
    <property name="java.endorsed.dirs" value="C:\Program Files\Java\jdk1.6.0_06\jre\lib\endorsed"/>
    <property name="os.arch" value="x86"/>
    <property name="surefire.real.class.path" value="C:\DOCUME~1\ADMINI~1\LOCALS~1\Temp\surefirebooter38126.jar"/>
    <property name="java.io.tmpdir" value="C:\DOCUME~1\ADMINI~1\LOCALS~1\Temp\"/>
    <property name="line.separator" value="
"/>
    <property name="java.vm.specification.vendor" value="Sun Microsystems Inc."/>
    <property name="user.variant" value=""/>
    <property name="os.name" value="Windows XP"/>
    <property name="sun.jnu.encoding" value="Cp1252"/>
    <property name="java.library.path" value="C:\Program Files\Java\jdk1.6.0_06\jre\bin;.;C:\WINDOWS\Sun\Java\bin;C:\WINDOWS\system32;C:\WINDOWS;C:\Program Files\Java\jdk1.6.0_06\bin;C:\Program Files\ThinkPad\Utilities;C:\WINDOWS\system32;C:\WINDOWS;C:\WINDOWS\System32\Wbem;C:\Program Files\IBM\Infoprint Select;C:\Notes;C:\Utilities;C:\Program Files\IBM\Personal Communications\;C:\Program Files\IBM\Trace Facility\;C:\WINDOWS\Downloaded Program Files;C:\Program Files\apache-maven-2.2.1\bin;C:\Program Files\TortoiseSVN\bin;C:\Program Files\mantis\bin;C:\Program Files\apache-ant-1.7.0\bin;C:\MinGW\bin;C:\Program Files\GnuWin32\bin;C:\Program Files\curl-7.19.5;C:\Program Files\ThinkPad\ConnectUtilities;C:\VXIPNP\WinNT\Bin;C:\Program Files\liblinear-1.7\windows;C:\Program Files\libsvm-2.91\windows;C:\Program Files\db-derby-10.7.1.1-bin\bin;C:\Program Files\SQLite;C:\Program Files\OpenCV2.3\bin;C:\Program Files\speex-1.2beta3-win32\bin;C:\cygwin\bin;C:\_IISc2\OtherOpenSource\icu4c-4_8_1-src\bin;C:\Program Files\OpenCV\bin;C:\Program Files\IBM\CMVCDC50"/>
    <property name="surefire.test.class.path" value="C:\_IISc2\mile_svnrepos\tts\TTS_Voice_of_Choice\target\test-classes;C:\_IISc2\mile_svnrepos\tts\TTS_Voice_of_Choice\target\classes;C:\m2repo\org\eclipse\swt\swt-windows\3.7\swt-windows-3.7-x86.jar;C:\m2repo\org\apache\openjpa\openjpa-all\2.1.1\openjpa-all-2.1.1.jar;C:\m2repo\org\apache\derby\derby\10.5.3.0_1\derby-10.5.3.0_1.jar;C:\m2repo\junit\junit\4.8.1\junit-4.8.1.jar;"/>
    <property name="java.specification.name" value="Java Platform API Specification"/>
    <property name="java.class.version" value="50.0"/>
    <property name="sun.management.compiler" value="HotSpot Client Compiler"/>
    <property name="os.version" value="5.1"/>
    <property name="user.home" value="C:\Documents and Settings\Administrator"/>
    <property name="user.timezone" value=""/>
    <property name="java.awt.printerjob" value="sun.awt.windows.WPrinterJob"/>
    <property name="java.specification.version" value="1.6"/>
    <property name="file.encoding" value="Cp1252"/>
    <property name="user.name" value="administrator"/>
    <property name="java.class.path" value="C:\_IISc2\mile_svnrepos\tts\TTS_Voice_of_Choice\target\test-classes;C:\_IISc2\mile_svnrepos\tts\TTS_Voice_of_Choice\target\classes;C:\m2repo\org\eclipse\swt\swt-windows\3.7\swt-windows-3.7-x86.jar;C:\m2repo\org\apache\openjpa\openjpa-all\2.1.1\openjpa-all-2.1.1.jar;C:\m2repo\org\apache\derby\derby\10.5.3.0_1\derby-10.5.3.0_1.jar;C:\m2repo\junit\junit\4.8.1\junit-4.8.1.jar;"/>
    <property name="java.vm.specification.version" value="1.0"/>
    <property name="sun.arch.data.model" value="32"/>
    <property name="java.home" value="C:\Program Files\Java\jdk1.6.0_06\jre"/>
    <property name="java.specification.vendor" value="Sun Microsystems Inc."/>
    <property name="user.language" value="en"/>
    <property name="awt.toolkit" value="sun.awt.windows.WToolkit"/>
    <property name="java.vm.info" value="mixed mode, sharing"/>
    <property name="java.version" value="1.6.0_06"/>
    <property name="java.ext.dirs" value="C:\Program Files\Java\jdk1.6.0_06\jre\lib\ext;C:\WINDOWS\Sun\Java\lib\ext"/>
    <property name="sun.boot.class.path" value="C:\Program Files\Java\jdk1.6.0_06\jre\lib\resources.jar;C:\Program Files\Java\jdk1.6.0_06\jre\lib\rt.jar;C:\Program Files\Java\jdk1.6.0_06\jre\lib\sunrsasign.jar;C:\Program Files\Java\jdk1.6.0_06\jre\lib\jsse.jar;C:\Program Files\Java\jdk1.6.0_06\jre\lib\jce.jar;C:\Program Files\Java\jdk1.6.0_06\jre\lib\charsets.jar;C:\Program Files\Java\jdk1.6.0_06\jre\classes"/>
    <property name="java.vendor" value="Sun Microsystems Inc."/>
    <property name="localRepository" value="C:/m2repo"/>
    <property name="file.separator" value="\"/>
    <property name="java.vendor.url.bug" value="http://java.sun.com/cgi-bin/bugreport.cgi"/>
    <property name="sun.cpu.endian" value="little"/>
    <property name="sun.io.unicode.encoding" value="UnicodeLittle"/>
    <property name="sun.desktop" value="windows"/>
    <property name="sun.cpu.isalist" value="pentium_pro+mmx pentium_pro pentium+mmx pentium i486 i386 i86"/>
  </properties>
  <testcase time="0" classname="org.iisc.mile.tts.voiceofchoice.AppTest" name="testApp"/>
</testsuite>